<?xml version="1.0" encoding="UTF-8"?>
<coverage generated="1645839966210" clover="3.2.0">
  <project timestamp="1645839966210" name="All files">
    <metrics statements="18" coveredstatements="18" conditionals="6" coveredconditionals="4" methods="10" coveredmethods="10" elements="34" coveredelements="32" complexity="0" loc="18" ncloc="18" packages="2" files="4" classes="4"/>
    <package name="_mocks_">
      <metrics statements="9" coveredstatements="9" conditionals="4" coveredconditionals="3" methods="1" coveredmethods="1"/>
      <file name="statusUpdate.js" path="/home/hemerson/MICROVERSE_FULLTIME_STUDENT/To-Do-List/src/_mocks_/statusUpdate.js">
        <metrics statements="9" coveredstatements="9" conditionals="4" coveredconditionals="3" methods="1" coveredmethods="1"/>
        <line num="1" count="1" type="stmt"/>
        <line num="2" count="4" type="stmt"/>
        <line num="3" count="4" type="stmt"/>
        <line num="4" count="4" type="cond" truecount="2" falsecount="0"/>
        <line num="5" count="2" type="stmt"/>
        <line num="6" count="2" type="stmt"/>
        <line num="7" count="2" type="cond" truecount="1" falsecount="1"/>
        <line num="8" count="2" type="stmt"/>
        <line num="9" count="2" type="stmt"/>
      </file>
    </package>
    <package name="modules">
      <metrics statements="9" coveredstatements="9" conditionals="2" coveredconditionals="1" methods="9" coveredmethods="9"/>
      <file name="delCompleted.js" path="/home/hemerson/MICROVERSE_FULLTIME_STUDENT/To-Do-List/src/modules/delCompleted.js">
        <metrics statements="1" coveredstatements="1" conditionals="0" coveredconditionals="0" methods="2" coveredmethods="2"/>
        <line num="1" count="3" type="stmt"/>
      </file>
      <file name="taskList.js" path="/home/hemerson/MICROVERSE_FULLTIME_STUDENT/To-Do-List/src/modules/taskList.js">
        <metrics statements="6" coveredstatements="6" conditionals="2" coveredconditionals="1" methods="6" coveredmethods="6"/>
        <line num="3" count="1" type="stmt"/>
        <line num="7" count="2" type="stmt"/>
        <line num="11" count="2" type="stmt"/>
        <line num="15" count="1" type="cond" truecount="1" falsecount="1"/>
        <line num="16" count="1" type="stmt"/>
        <line num="17" count="1" type="stmt"/>
      </file>
      <file name="updateTask.js" path="/home/hemerson/MICROVERSE_FULLTIME_STUDENT/To-Do-List/src/modules/updateTask.js">
        <metrics statements="2" coveredstatements="2" conditionals="0" coveredconditionals="0" methods="1" coveredmethods="1"/>
        <line num="1" count="1" type="stmt"/>
        <line num="2" count="4" type="stmt"/>
      </file>
    </package>
  </project>
</coverage>
